1 0 _ r 1o
1 1 _ r 1i
1 _ _ * accept
1o _ _ l 2o
1o * * r 1o
1i _ _ l 2i
1i * * r 1i
2o 0 _ l 4
2o _ _ * accept
2o * * * reject
2i 1 _ l 4
2i _ _ * accept
2i * * * reject
4 _ _ * accept
4 * * l 5
5 * * l 5
5 _ _ r 1
accept * : r accept2
accept2 * ) * halt-accept
reject _ : r reject2
reject * _ l reject
reject2 * ( * halt-reject
0 * * l &&&&0
&&&&0 _ & r 1
2i & & r 2i
1 & & r 1
1o & & r 1o
reject2 & & r reject2
reject & & r reject
4 & & r 4
5 & & r 5
2o & & r 2o
halt-reject & & r halt-reject
halt-accept & & r halt-accept
1i & & r 1i
accept2 & & r accept2
accept & & r accept
