1 _ _ l 2
1 0 0 r 1
1 1 1 r 1
1 B B r 1
1 X X r 1
2 1 _ r 3
2 0 _ r 4
2 _ _ r 5
3 0 1 l 6
3 1 1 l 6
3 _ 1 l 6
3 B 1 l 6
3 X 1 l 6
6 0 0 l 2
6 1 1 l 2
6 _ _ l 2
6 B B l 2
6 X X l 2
4 0 0 l 7
4 1 0 l 7
4 _ 0 l 7
4 B 0 l 7
4 X 0 l 7
7 0 0 l 2
7 1 1 l 2
7 _ _ l 2
7 B B l 2
7 X X l 2
5 _ B r 8
9 1 X l 10
9 0 X l 11
9 X X l 9
9 B B r halt-accept
10 1 1 l 10
10 X X l 10
10 0 X r 8
11 0 0 l 11
11 X X l 11
11 1 X r 8
8 _ _ l 9
8 0 0 r 8
8 1 1 r 8
8 B B r 8
8 X X r 8
10 & & r &10
&10 * * r &10
&10 % # r ¢10
¢10 _ % l §10
§10 # # l §10
§10 B # r §10§B
§10§B # B l §10
§10 X # r §10§X
§10§X # X l §10
§10 0 # r §10§0
§10§0 # 0 l §10
§10 1 # r §10§1
§10§1 # 1 l §10
§10 _ # r §10§_
§10§_ # _ l §10
§10 & & r &&&10
&&&10 # _ l &&&10
&&&10 & & r 10
10 % _ r %10
%10 _ % l 10
8 & & r &8
&8 * * r &8
&8 % # r ¢8
¢8 _ % l §8
§8 # # l §8
§8 B # r §8§B
§8§B # B l §8
§8 X # r §8§X
§8§X # X l §8
§8 0 # r §8§0
§8§0 # 0 l §8
§8 1 # r §8§1
§8§1 # 1 l §8
§8 _ # r §8§_
§8§_ # _ l §8
§8 & & r &&&8
&&&8 # _ l &&&8
&&&8 & & r 8
8 % _ r %8
%8 _ % l 8
9 & & r &9
&9 * * r &9
&9 % # r ¢9
¢9 _ % l §9
§9 # # l §9
§9 B # r §9§B
§9§B # B l §9
§9 X # r §9§X
§9§X # X l §9
§9 0 # r §9§0
§9§0 # 0 l §9
§9 1 # r §9§1
§9§1 # 1 l §9
§9 _ # r §9§_
§9§_ # _ l §9
§9 & & r &&&9
&&&9 # _ l &&&9
&&&9 & & r 9
9 % _ r %9
%9 _ % l 9
halt-accept & & r &halt-accept
&halt-accept * * r &halt-accept
&halt-accept % # r ¢halt-accept
¢halt-accept _ % l §halt-accept
§halt-accept # # l §halt-accept
§halt-accept B # r §halt-accept§B
§halt-accept§B # B l §halt-accept
§halt-accept X # r §halt-accept§X
§halt-accept§X # X l §halt-accept
§halt-accept 0 # r §halt-accept§0
§halt-accept§0 # 0 l §halt-accept
§halt-accept 1 # r §halt-accept§1
§halt-accept§1 # 1 l §halt-accept
§halt-accept _ # r §halt-accept§_
§halt-accept§_ # _ l §halt-accept
§halt-accept & & r &&&halt-accept
&&&halt-accept # _ l &&&halt-accept
&&&halt-accept & & r halt-accept
halt-accept % _ r %halt-accept
%halt-accept _ % l halt-accept
6 & & r &6
&6 * * r &6
&6 % # r ¢6
¢6 _ % l §6
§6 # # l §6
§6 B # r §6§B
§6§B # B l §6
§6 X # r §6§X
§6§X # X l §6
§6 0 # r §6§0
§6§0 # 0 l §6
§6 1 # r §6§1
§6§1 # 1 l §6
§6 _ # r §6§_
§6§_ # _ l §6
§6 & & r &&&6
&&&6 # _ l &&&6
&&&6 & & r 6
6 % _ r %6
%6 _ % l 6
2 & & r &2
&2 * * r &2
&2 % # r ¢2
¢2 _ % l §2
§2 # # l §2
§2 B # r §2§B
§2§B # B l §2
§2 X # r §2§X
§2§X # X l §2
§2 0 # r §2§0
§2§0 # 0 l §2
§2 1 # r §2§1
§2§1 # 1 l §2
§2 _ # r §2§_
§2§_ # _ l §2
§2 & & r &&&2
&&&2 # _ l &&&2
&&&2 & & r 2
2 % _ r %2
%2 _ % l 2
3 & & r &3
&3 * * r &3
&3 % # r ¢3
¢3 _ % l §3
§3 # # l §3
§3 B # r §3§B
§3§B # B l §3
§3 X # r §3§X
§3§X # X l §3
§3 0 # r §3§0
§3§0 # 0 l §3
§3 1 # r §3§1
§3§1 # 1 l §3
§3 _ # r §3§_
§3§_ # _ l §3
§3 & & r &&&3
&&&3 # _ l &&&3
&&&3 & & r 3
3 % _ r %3
%3 _ % l 3
1 & & r &1
&1 * * r &1
&1 % # r ¢1
¢1 _ % l §1
§1 # # l §1
§1 B # r §1§B
§1§B # B l §1
§1 X # r §1§X
§1§X # X l §1
§1 0 # r §1§0
§1§0 # 0 l §1
§1 1 # r §1§1
§1§1 # 1 l §1
§1 _ # r §1§_
§1§_ # _ l §1
§1 & & r &&&1
&&&1 # _ l &&&1
&&&1 & & r 1
1 % _ r %1
%1 _ % l 1
5 & & r &5
&5 * * r &5
&5 % # r ¢5
¢5 _ % l §5
§5 # # l §5
§5 B # r §5§B
§5§B # B l §5
§5 X # r §5§X
§5§X # X l §5
§5 0 # r §5§0
§5§0 # 0 l §5
§5 1 # r §5§1
§5§1 # 1 l §5
§5 _ # r §5§_
§5§_ # _ l §5
§5 & & r &&&5
&&&5 # _ l &&&5
&&&5 & & r 5
5 % _ r %5
%5 _ % l 5
7 & & r &7
&7 * * r &7
&7 % # r ¢7
¢7 _ % l §7
§7 # # l §7
§7 B # r §7§B
§7§B # B l §7
§7 X # r §7§X
§7§X # X l §7
§7 0 # r §7§0
§7§0 # 0 l §7
§7 1 # r §7§1
§7§1 # 1 l §7
§7 _ # r §7§_
§7§_ # _ l §7
§7 & & r &&&7
&&&7 # _ l &&&7
&&&7 & & r 7
7 % _ r %7
%7 _ % l 7
11 & & r &11
&11 * * r &11
&11 % # r ¢11
¢11 _ % l §11
§11 # # l §11
§11 B # r §11§B
§11§B # B l §11
§11 X # r §11§X
§11§X # X l §11
§11 0 # r §11§0
§11§0 # 0 l §11
§11 1 # r §11§1
§11§1 # 1 l §11
§11 _ # r §11§_
§11§_ # _ l §11
§11 & & r &&&11
&&&11 # _ l &&&11
&&&11 & & r 11
11 % _ r %11
%11 _ % l 11
4 & & r &4
&4 * * r &4
&4 % # r ¢4
¢4 _ % l §4
§4 # # l §4
§4 B # r §4§B
§4§B # B l §4
§4 X # r §4§X
§4§X # X l §4
§4 0 # r §4§0
§4§0 # 0 l §4
§4 1 # r §4§1
§4§1 # 1 l §4
§4 _ # r §4§_
§4§_ # _ l §4
§4 & & r &&&4
&&&4 # _ l &&&4
&&&4 & & r 4
4 % _ r %4
%4 _ % l 4
0 B & r ¢¢B
¢¢B * * r ¢¢B
¢¢B _ # r ££B
££B _ % l §§B
§§B # # l §§B
§§B B # r §§§B§§§B
§§§B§§§B # B l §§B
§§B X # r §§§B§§§X
§§§B§§§X # X l §§B
§§B 0 # r §§§B§§§0
§§§B§§§0 # 0 l §§B
§§B 1 # r §§§B§§§1
§§§B§§§1 # 1 l §§B
§§B & & r &&B
&&B # B l &&B
&&B & & r 1
0 X & r ¢¢X
¢¢X * * r ¢¢X
¢¢X _ # r ££X
££X _ % l §§X
§§X # # l §§X
§§X B # r §§§X§§§B
§§§X§§§B # B l §§X
§§X X # r §§§X§§§X
§§§X§§§X # X l §§X
§§X 0 # r §§§X§§§0
§§§X§§§0 # 0 l §§X
§§X 1 # r §§§X§§§1
§§§X§§§1 # 1 l §§X
§§X & & r &&X
&&X # X l &&X
&&X & & r 1
0 0 & r ¢¢0
¢¢0 * * r ¢¢0
¢¢0 _ # r ££0
££0 _ % l §§0
§§0 # # l §§0
§§0 B # r §§§0§§§B
§§§0§§§B # B l §§0
§§0 X # r §§§0§§§X
§§§0§§§X # X l §§0
§§0 0 # r §§§0§§§0
§§§0§§§0 # 0 l §§0
§§0 1 # r §§§0§§§1
§§§0§§§1 # 1 l §§0
§§0 & & r &&0
&&0 # 0 l &&0
&&0 & & r 1
0 1 & r ¢¢1
¢¢1 * * r ¢¢1
¢¢1 _ # r ££1
££1 _ % l §§1
§§1 # # l §§1
§§1 B # r §§§1§§§B
§§§1§§§B # B l §§1
§§1 X # r §§§1§§§X
§§§1§§§X # X l §§1
§§1 0 # r §§§1§§§0
§§§1§§§0 # 0 l §§1
§§1 1 # r §§§1§§§1
§§§1§§§1 # 1 l §§1
§§1 & & r &&1
&&1 # 1 l &&1
&&1 & & r 1
